Using pre-set license
Built from '2020.3/staging' branch; Version is '2020.3.3f1 (76626098c1c4) revision 7758432'; Using compiler version '192528614'; Build Type 'Release'
OS: 'Windows 10 Home Single Language; OS build 19042.1110; Version 2009; 64bit' Language: 'es' Physical Memory: 9146 MB
BatchMode: 1, IsHumanControllingUs: 0, StartBugReporterOnCrash: 0, Is64bit: 1, IsPro: 0

 COMMAND LINE ARGUMENTS:
C:\Program Files\Unity\Hub\Editor\2020.3.3f1\Editor\Unity.exe
-adb2
-batchMode
-noUpm
-name
AssetImportWorker27
-projectPath
C:/Users/DANIEL-FZ/Documents/GitHub/Prueba_tecnica_GetaClub
-logFile
Logs/AssetImportWorker27.log
-srvPort
53812
Successfully changed project path to: C:/Users/DANIEL-FZ/Documents/GitHub/Prueba_tecnica_GetaClub
C:/Users/DANIEL-FZ/Documents/GitHub/Prueba_tecnica_GetaClub
Using Asset Import Pipeline V2.
