Using pre-set license
Built from '2020.3/staging' branch; Version is '2020.3.3f1 (76626098c1c4) revision 7758432'; Using compiler version '192528614'; Build Type 'Release'
OS: 'Windows 10 Home Single Language; OS build 19042.1110; Version 2009; 64bit' Language: 'es' Physical Memory: 9146 MB
BatchMode: 1, IsHumanControllingUs: 0, StartBugReporterOnCrash: 0, Is64bit: 1, IsPro: 0

 COMMAND LINE ARGUMENTS:
C:\Program Files\Unity\Hub\Editor\2020.3.3f1\Editor\Unity.exe
-adb2
-batchMode
-noUpm
-name
AssetImportWorker0
-projectPath
C:/Users/DANIEL-FZ/Documents/GitHub/GetaGamesDevTest
-logFile
Logs/AssetImportWorker0.log
-srvPort
49858
Successfully changed project path to: C:/Users/DANIEL-FZ/Documents/GitHub/GetaGamesDevTest
C:/Users/DANIEL-FZ/Documents/GitHub/GetaGamesDevTest
Using Asset Import Pipeline V2.
Refreshing native plugins compatible for Editor in 88.38 ms, found 0 plugins.
Preloading 0 native plugins for Editor in 0.00 ms.
Initialize engine version: 2020.3.3f1 (76626098c1c4)
[Subsystems] Discovering subsystems at path C:/Program Files/Unity/Hub/Editor/2020.3.3f1/Editor/Data/Resources/UnitySubsystems
[Subsystems] Discovering subsystems at path C:/Users/DANIEL-FZ/Documents/GitHub/GetaGamesDevTest/Assets
GfxDevice: creating device client; threaded=0
Direct3D:
    Version:  Direct3D 11.0 [level 11.1]
    Renderer: AMD Radeon(TM) R7 Graphics (ID=0x1309)
    Vendor:   
    VRAM:     4573 MB
    Driver:   27.20.1034.6
Initialize mono
Mono path[0] = 'C:/Program Files/Unity/Hub/Editor/2020.3.3f1/Editor/Data/Managed'
Mono path[1] = 'C:/Program Files/Unity/Hub/Editor/2020.3.3f1/Editor/Data/MonoBleedingEdge/lib/mono/unityjit'
Mono config path = 'C:/Program Files/Unity/Hub/Editor/2020.3.3f1/Editor/Data/MonoBleedingEdge/etc'
Using monoOptions --debugger-agent=transport=dt_socket,embedding=1,server=y,suspend=n,address=127.0.0.1:56076
Begin MonoManager ReloadAssembly
Registering precompiled unity dll's ...
Register platform support module: C:/Program Files/Unity/Hub/Editor/2020.3.3f1/Editor/Data/PlaybackEngines/WindowsStandaloneSupport/UnityEditor.WindowsStandalone.Extensions.dll
Registered in 0.011584 seconds.
Native extension for WindowsStandalone target not found
Refreshing native plugins compatible for Editor in 104.45 ms, found 0 plugins.
Preloading 0 native plugins for Editor in 0.00 ms.
Invoked RoslynAnalysisRunner static constructor.
RoslynAnalysisRunner will not be running.
RoslynAnalysisRunner has terminated.
Mono: successfully reloaded assembly
- Completed reload, in 11.170 seconds
Platform modules already initialized, skipping
Registering precompiled user dll's ...
Registered in 0.004014 seconds.
Begin MonoManager ReloadAssembly
Native extension for WindowsStandalone target not found
Refreshing native plugins compatible for Editor in 1.02 ms, found 0 plugins.
Preloading 0 native plugins for Editor in 0.00 ms.
Invoked RoslynAnalysisRunner static constructor.
RoslynAnalysisRunner will not be running.
RoslynAnalysisRunner has terminated.
Mono: successfully reloaded assembly
- Completed reload, in  9.085 seconds
Platform modules already initialized, skipping
========================================================================
Worker process is ready to serve import requests
Launched and connected shader compiler UnityShaderCompiler.exe after 0.49 seconds
Refreshing native plugins compatible for Editor in 2.66 ms, found 0 plugins.
Preloading 0 native plugins for Editor in 0.00 ms.
Unloading 1239 Unused Serialized files (Serialized files now loaded: 0)
System memory in use before: 65.7 MB.
System memory in use after: 65.8 MB.

Unloading 9 unused Assets to reduce memory usage. Loaded Objects now: 1682.
Total: 12.119900 ms (FindLiveObjects: 0.853200 ms CreateObjectMapping: 0.177400 ms MarkObjects: 8.465700 ms  DeleteObjects: 2.617900 ms)

========================================================================
Received Import Request.
  path: Assets/GetaTest/Scenes
  artifactKey: Guid(01deeffb95627b14eb755bb4ef53f3ce) Importer(815301076,1909f56bfc062723c751e8b465ee728b)
Start importing Assets/GetaTest/Scenes using Guid(01deeffb95627b14eb755bb4ef53f3ce) Importer(815301076,1909f56bfc062723c751e8b465ee728b)  -> (artifact id: '97368fc1a4f51027d9ec9d16fa1308a7') in 0.032126 seconds
  Import took 0.050029 seconds .

========================================================================
Received Import Request.
  Time since last request: 0.001372 seconds.
  path: Assets/GetaTest
  artifactKey: Guid(e34b728b2e2bc0847862032bd0611922) Importer(815301076,1909f56bfc062723c751e8b465ee728b)
Start importing Assets/GetaTest using Guid(e34b728b2e2bc0847862032bd0611922) Importer(815301076,1909f56bfc062723c751e8b465ee728b)  -> (artifact id: '352ad82088cfd3de45cb9902edc2c312') in 0.008397 seconds
  Import took 0.017598 seconds .

========================================================================
Received Import Request.
  Time since last request: 0.000802 seconds.
  path: Assets/GetaTest/Scenes/TrackScene.unity
  artifactKey: Guid(9fc0d4010bbf28b4594072e72b8655ab) Importer(815301076,1909f56bfc062723c751e8b465ee728b)
Start importing Assets/GetaTest/Scenes/TrackScene.unity using Guid(9fc0d4010bbf28b4594072e72b8655ab) Importer(815301076,1909f56bfc062723c751e8b465ee728b)  -> (artifact id: 'd814a37c60f579004fa8ec96954979ee') in 0.047453 seconds
  Import took 0.056459 seconds .

========================================================================
Received Import Request.
  Time since last request: 0.028352 seconds.
  path: Assets/GetaTest/Scenes/TrackScene.unity
  artifactKey: Guid(9fc0d4010bbf28b4594072e72b8655ab) Importer(815301076,1909f56bfc062723c751e8b465ee728b)
Start importing Assets/GetaTest/Scenes/TrackScene.unity using Guid(9fc0d4010bbf28b4594072e72b8655ab) Importer(815301076,1909f56bfc062723c751e8b465ee728b)  -> (artifact id: 'd814a37c60f579004fa8ec96954979ee') in 0.018852 seconds
  Import took 0.031924 seconds .

========================================================================
Received Import Request.
  Time since last request: 13.208514 seconds.
  path: Assets/GetaTest/Scripts
  artifactKey: Guid(2c3eb3477aa1c7f4da7bcfdd9cea3523) Importer(815301076,1909f56bfc062723c751e8b465ee728b)
Start importing Assets/GetaTest/Scripts using Guid(2c3eb3477aa1c7f4da7bcfdd9cea3523) Importer(815301076,1909f56bfc062723c751e8b465ee728b)  -> (artifact id: 'db7226b9e5d54348b2ae2a2b395ee83f') in 0.014027 seconds
  Import took 0.022373 seconds .

========================================================================
Received Prepare
Refreshing native plugins compatible for Editor in 2.08 ms, found 0 plugins.
Preloading 0 native plugins for Editor in 0.00 ms.
Unloading 2 Unused Serialized files (Serialized files now loaded: 0)
System memory in use before: 38.8 MB.
System memory in use after: 38.9 MB.

Unloading 2 unused Assets to reduce memory usage. Loaded Objects now: 1682.
Total: 7.626800 ms (FindLiveObjects: 0.537800 ms CreateObjectMapping: 0.239600 ms MarkObjects: 6.762600 ms  DeleteObjects: 0.081200 ms)

AssetImportWorkerClient::OnTransportError - code=2 error=End of file
