Using pre-set license
Built from '2020.3/staging' branch; Version is '2020.3.3f1 (76626098c1c4) revision 7758432'; Using compiler version '192528614'; Build Type 'Release'
OS: 'Windows 10 Home Single Language; OS build 19042.1110; Version 2009; 64bit' Language: 'es' Physical Memory: 9146 MB
BatchMode: 1, IsHumanControllingUs: 0, StartBugReporterOnCrash: 0, Is64bit: 1, IsPro: 0

 COMMAND LINE ARGUMENTS:
C:\Program Files\Unity\Hub\Editor\2020.3.3f1\Editor\Unity.exe
-adb2
-batchMode
-noUpm
-name
AssetImportWorker7
-projectPath
C:/Users/DANIEL-FZ/Documents/GitHub/Prueba_tecnica_GetaClub
-logFile
Logs/AssetImportWorker7.log
-srvPort
62654
Successfully changed project path to: C:/Users/DANIEL-FZ/Documents/GitHub/Prueba_tecnica_GetaClub
C:/Users/DANIEL-FZ/Documents/GitHub/Prueba_tecnica_GetaClub
Using Asset Import Pipeline V2.
Refreshing native plugins compatible for Editor in 263.25 ms, found 0 plugins.
Preloading 0 native plugins for Editor in 0.00 ms.
Initialize engine version: 2020.3.3f1 (76626098c1c4)
[Subsystems] Discovering subsystems at path C:/Program Files/Unity/Hub/Editor/2020.3.3f1/Editor/Data/Resources/UnitySubsystems
[Subsystems] Discovering subsystems at path C:/Users/DANIEL-FZ/Documents/GitHub/Prueba_tecnica_GetaClub/Assets
GfxDevice: creating device client; threaded=0
Direct3D:
    Version:  Direct3D 11.0 [level 11.1]
    Renderer: AMD Radeon(TM) R7 Graphics (ID=0x1309)
    Vendor:   
    VRAM:     4573 MB
    Driver:   27.20.1034.6
Initialize mono
Mono path[0] = 'C:/Program Files/Unity/Hub/Editor/2020.3.3f1/Editor/Data/Managed'
Mono path[1] = 'C:/Program Files/Unity/Hub/Editor/2020.3.3f1/Editor/Data/MonoBleedingEdge/lib/mono/unityjit'
Mono config path = 'C:/Program Files/Unity/Hub/Editor/2020.3.3f1/Editor/Data/MonoBleedingEdge/etc'
Using monoOptions --debugger-agent=transport=dt_socket,embedding=1,server=y,suspend=n,address=127.0.0.1:56424
Begin MonoManager ReloadAssembly
Registering precompiled unity dll's ...
Register platform support module: C:/Program Files/Unity/Hub/Editor/2020.3.3f1/Editor/Data/PlaybackEngines/WindowsStandaloneSupport/UnityEditor.WindowsStandalone.Extensions.dll
Registered in 0.038416 seconds.
Native extension for WindowsStandalone target not found
Refreshing native plugins compatible for Editor in 236.32 ms, found 0 plugins.
Preloading 0 native plugins for Editor in 0.00 ms.
Invoked RoslynAnalysisRunner static constructor.
RoslynAnalysisRunner will not be running.
RoslynAnalysisRunner has terminated.
Mono: successfully reloaded assembly
- Completed reload, in 13.683 seconds
Platform modules already initialized, skipping
Registering precompiled user dll's ...
Registered in 0.006935 seconds.
Begin MonoManager ReloadAssembly
Native extension for WindowsStandalone target not found
Refreshing native plugins compatible for Editor in 1.36 ms, found 0 plugins.
Preloading 0 native plugins for Editor in 0.00 ms.
Invoked RoslynAnalysisRunner static constructor.
RoslynAnalysisRunner will not be running.
RoslynAnalysisRunner has terminated.
Mono: successfully reloaded assembly
- Completed reload, in  6.986 seconds
Platform modules already initialized, skipping
========================================================================
Worker process is ready to serve import requests
Launched and connected shader compiler UnityShaderCompiler.exe after 0.25 seconds
Refreshing native plugins compatible for Editor in 1.57 ms, found 0 plugins.
Preloading 0 native plugins for Editor in 0.00 ms.
Unloading 1423 Unused Serialized files (Serialized files now loaded: 0)
System memory in use before: 87.0 MB.
System memory in use after: 86.7 MB.

Unloading 11 unused Assets to reduce memory usage. Loaded Objects now: 1884.
Total: 18.804700 ms (FindLiveObjects: 0.663200 ms CreateObjectMapping: 1.133500 ms MarkObjects: 15.217800 ms  DeleteObjects: 1.784200 ms)

========================================================================
Received Import Request.
  path: Assets/GetaTest/Prefabs/Obstacle.prefab
  artifactKey: Guid(a8edc8cb678d07440ad6f4b54b00ea20) Importer(815301076,1909f56bfc062723c751e8b465ee728b)
Start importing Assets/GetaTest/Prefabs/Obstacle.prefab using Guid(a8edc8cb678d07440ad6f4b54b00ea20) Importer(815301076,1909f56bfc062723c751e8b465ee728b)  -> (artifact id: '91dac6f0f792a18d0b0bab474fe70cd2') in 1.650901 seconds
  Import took 1.684962 seconds .

========================================================================
Received Prepare
Registering precompiled user dll's ...
Registered in 0.006463 seconds.
Begin MonoManager ReloadAssembly
Native extension for WindowsStandalone target not found
Refreshing native plugins compatible for Editor in 1.39 ms, found 0 plugins.
Preloading 0 native plugins for Editor in 0.00 ms.
Invoked RoslynAnalysisRunner static constructor.
RoslynAnalysisRunner will not be running.
RoslynAnalysisRunner has terminated.
Mono: successfully reloaded assembly
- Completed reload, in  6.718 seconds
Platform modules already initialized, skipping
Refreshing native plugins compatible for Editor in 1.42 ms, found 0 plugins.
Preloading 0 native plugins for Editor in 0.00 ms.
Unloading 1369 Unused Serialized files (Serialized files now loaded: 0)
System memory in use before: 85.2 MB.
System memory in use after: 84.9 MB.

Unloading 6 unused Assets to reduce memory usage. Loaded Objects now: 1895.
Total: 11.003700 ms (FindLiveObjects: 0.709100 ms CreateObjectMapping: 0.205700 ms MarkObjects: 7.253800 ms  DeleteObjects: 2.826000 ms)

========================================================================
Received Prepare
Registering precompiled user dll's ...
Registered in 0.013054 seconds.
Begin MonoManager ReloadAssembly
Native extension for WindowsStandalone target not found
Refreshing native plugins compatible for Editor in 1.38 ms, found 0 plugins.
Preloading 0 native plugins for Editor in 0.00 ms.
Invoked RoslynAnalysisRunner static constructor.
RoslynAnalysisRunner will not be running.
RoslynAnalysisRunner has terminated.
Mono: successfully reloaded assembly
- Completed reload, in  7.826 seconds
Platform modules already initialized, skipping
Refreshing native plugins compatible for Editor in 1.38 ms, found 0 plugins.
Preloading 0 native plugins for Editor in 0.00 ms.
Unloading 1369 Unused Serialized files (Serialized files now loaded: 0)
System memory in use before: 85.2 MB.
System memory in use after: 85.0 MB.

Unloading 6 unused Assets to reduce memory usage. Loaded Objects now: 1898.
Total: 10.376200 ms (FindLiveObjects: 0.774400 ms CreateObjectMapping: 0.212300 ms MarkObjects: 7.690300 ms  DeleteObjects: 1.694000 ms)

========================================================================
Received Prepare
Registering precompiled user dll's ...
Registered in 0.007056 seconds.
Begin MonoManager ReloadAssembly
Native extension for WindowsStandalone target not found
Refreshing native plugins compatible for Editor in 1.45 ms, found 0 plugins.
Preloading 0 native plugins for Editor in 0.00 ms.
Invoked RoslynAnalysisRunner static constructor.
RoslynAnalysisRunner will not be running.
RoslynAnalysisRunner has terminated.
Mono: successfully reloaded assembly
- Completed reload, in  5.790 seconds
Platform modules already initialized, skipping
Refreshing native plugins compatible for Editor in 2.21 ms, found 0 plugins.
Preloading 0 native plugins for Editor in 0.00 ms.
Unloading 1369 Unused Serialized files (Serialized files now loaded: 0)
System memory in use before: 85.2 MB.
System memory in use after: 85.0 MB.

Unloading 6 unused Assets to reduce memory usage. Loaded Objects now: 1901.
Total: 8.302400 ms (FindLiveObjects: 0.625600 ms CreateObjectMapping: 0.208100 ms MarkObjects: 5.727400 ms  DeleteObjects: 1.736500 ms)

========================================================================
Received Prepare
Registering precompiled user dll's ...
Registered in 0.005972 seconds.
Begin MonoManager ReloadAssembly
Native extension for WindowsStandalone target not found
Refreshing native plugins compatible for Editor in 1.74 ms, found 0 plugins.
Preloading 0 native plugins for Editor in 0.00 ms.
Invoked RoslynAnalysisRunner static constructor.
RoslynAnalysisRunner will not be running.
RoslynAnalysisRunner has terminated.
Mono: successfully reloaded assembly
- Completed reload, in  7.623 seconds
Platform modules already initialized, skipping
Refreshing native plugins compatible for Editor in 1.36 ms, found 0 plugins.
Preloading 0 native plugins for Editor in 0.00 ms.
Unloading 1369 Unused Serialized files (Serialized files now loaded: 0)
System memory in use before: 85.3 MB.
System memory in use after: 85.0 MB.

Unloading 6 unused Assets to reduce memory usage. Loaded Objects now: 1904.
Total: 11.961500 ms (FindLiveObjects: 0.742100 ms CreateObjectMapping: 0.267400 ms MarkObjects: 8.192800 ms  DeleteObjects: 2.754000 ms)

========================================================================
Received Import Request.
  Time since last request: 411.216921 seconds.
  path: Assets/GetaTest/Prefabs/Obstacle.prefab
  artifactKey: Guid(a8edc8cb678d07440ad6f4b54b00ea20) Importer(815301076,1909f56bfc062723c751e8b465ee728b)
Start importing Assets/GetaTest/Prefabs/Obstacle.prefab using Guid(a8edc8cb678d07440ad6f4b54b00ea20) Importer(815301076,1909f56bfc062723c751e8b465ee728b)  -> (artifact id: '674606c2ecd59d20567b3ce95bcf114d') in 0.534928 seconds
  Import took 0.551254 seconds .

========================================================================
Received Import Request.
  Time since last request: 8.453396 seconds.
  path: Assets/GetaTest/Prefabs/Obstacle.prefab
  artifactKey: Guid(a8edc8cb678d07440ad6f4b54b00ea20) Importer(815301076,1909f56bfc062723c751e8b465ee728b)
Start importing Assets/GetaTest/Prefabs/Obstacle.prefab using Guid(a8edc8cb678d07440ad6f4b54b00ea20) Importer(815301076,1909f56bfc062723c751e8b465ee728b)  -> (artifact id: '674606c2ecd59d20567b3ce95bcf114d') in 0.071292 seconds
  Import took 0.083903 seconds .

========================================================================
Received Prepare
Registering precompiled user dll's ...
Registered in 0.010851 seconds.
Begin MonoManager ReloadAssembly
Native extension for WindowsStandalone target not found
Refreshing native plugins compatible for Editor in 1.45 ms, found 0 plugins.
Preloading 0 native plugins for Editor in 0.00 ms.
Invoked RoslynAnalysisRunner static constructor.
RoslynAnalysisRunner will not be running.
RoslynAnalysisRunner has terminated.
Mono: successfully reloaded assembly
- Completed reload, in  6.453 seconds
Platform modules already initialized, skipping
Refreshing native plugins compatible for Editor in 1.36 ms, found 0 plugins.
Preloading 0 native plugins for Editor in 0.00 ms.
Unloading 1369 Unused Serialized files (Serialized files now loaded: 0)
System memory in use before: 85.3 MB.
System memory in use after: 85.0 MB.

Unloading 6 unused Assets to reduce memory usage. Loaded Objects now: 1908.
Total: 9.621800 ms (FindLiveObjects: 0.752200 ms CreateObjectMapping: 0.206200 ms MarkObjects: 6.580600 ms  DeleteObjects: 2.073800 ms)

========================================================================
Received Import Request.
  Time since last request: 187.158929 seconds.
  path: Assets/GetaTest/Prefabs/Obstacle.prefab
  artifactKey: Guid(a8edc8cb678d07440ad6f4b54b00ea20) Importer(815301076,1909f56bfc062723c751e8b465ee728b)
Start importing Assets/GetaTest/Prefabs/Obstacle.prefab using Guid(a8edc8cb678d07440ad6f4b54b00ea20) Importer(815301076,1909f56bfc062723c751e8b465ee728b)  -> (artifact id: '95e01a20005492dfd934732a69d6af79') in 0.290950 seconds
  Import took 0.305470 seconds .

========================================================================
Received Prepare
Registering precompiled user dll's ...
Registered in 0.005863 seconds.
Begin MonoManager ReloadAssembly
Native extension for WindowsStandalone target not found
Refreshing native plugins compatible for Editor in 1.51 ms, found 0 plugins.
Preloading 0 native plugins for Editor in 0.00 ms.
Invoked RoslynAnalysisRunner static constructor.
RoslynAnalysisRunner will not be running.
RoslynAnalysisRunner has terminated.
Mono: successfully reloaded assembly
- Completed reload, in  5.895 seconds
Platform modules already initialized, skipping
Refreshing native plugins compatible for Editor in 1.40 ms, found 0 plugins.
Preloading 0 native plugins for Editor in 0.00 ms.
Unloading 1369 Unused Serialized files (Serialized files now loaded: 0)
System memory in use before: 85.3 MB.
System memory in use after: 85.0 MB.

Unloading 6 unused Assets to reduce memory usage. Loaded Objects now: 1912.
Total: 9.839300 ms (FindLiveObjects: 0.909600 ms CreateObjectMapping: 0.414500 ms MarkObjects: 6.431600 ms  DeleteObjects: 2.077300 ms)

========================================================================
Received Import Request.
  Time since last request: 175.394180 seconds.
  path: Assets/GetaTest/Prefabs/Obstacle 1.prefab
  artifactKey: Guid(6126eba042c66aa4bb3e47f68a9cc5f5) Importer(815301076,1909f56bfc062723c751e8b465ee728b)
Start importing Assets/GetaTest/Prefabs/Obstacle 1.prefab using Guid(6126eba042c66aa4bb3e47f68a9cc5f5) Importer(815301076,1909f56bfc062723c751e8b465ee728b)  -> (artifact id: '2c961b0c44ad987cdfdf2d68d79e0536') in 0.558375 seconds
  Import took 0.576087 seconds .

========================================================================
Received Import Request.
  Time since last request: 7.307380 seconds.
  path: Assets/GetaTest/Prefabs/Obstacle 1.prefab
  artifactKey: Guid(6126eba042c66aa4bb3e47f68a9cc5f5) Importer(815301076,1909f56bfc062723c751e8b465ee728b)
Start importing Assets/GetaTest/Prefabs/Obstacle 1.prefab using Guid(6126eba042c66aa4bb3e47f68a9cc5f5) Importer(815301076,1909f56bfc062723c751e8b465ee728b)  -> (artifact id: '2ebc56006ee87636e3cb643f47a76c78') in 0.187269 seconds
  Import took 0.218471 seconds .

========================================================================
Received Import Request.
  Time since last request: 170.078618 seconds.
  path: Assets/GetaTest/Prefabs/Obstacle.prefab
  artifactKey: Guid(a8edc8cb678d07440ad6f4b54b00ea20) Importer(815301076,1909f56bfc062723c751e8b465ee728b)
Start importing Assets/GetaTest/Prefabs/Obstacle.prefab using Guid(a8edc8cb678d07440ad6f4b54b00ea20) Importer(815301076,1909f56bfc062723c751e8b465ee728b)  -> (artifact id: '41643c9d4def8fba29e7fed1ebf903fc') in 0.129954 seconds
  Import took 0.149304 seconds .

========================================================================
Received Prepare
Registering precompiled user dll's ...
Registered in 0.006670 seconds.
Begin MonoManager ReloadAssembly
Native extension for WindowsStandalone target not found
Refreshing native plugins compatible for Editor in 8.30 ms, found 0 plugins.
Preloading 0 native plugins for Editor in 0.00 ms.
Invoked RoslynAnalysisRunner static constructor.
RoslynAnalysisRunner will not be running.
RoslynAnalysisRunner has terminated.
Mono: successfully reloaded assembly
- Completed reload, in 13.374 seconds
Platform modules already initialized, skipping
Refreshing native plugins compatible for Editor in 2.09 ms, found 0 plugins.
Preloading 0 native plugins for Editor in 0.00 ms.
Unloading 1369 Unused Serialized files (Serialized files now loaded: 0)
System memory in use before: 85.3 MB.
System memory in use after: 85.0 MB.

Unloading 6 unused Assets to reduce memory usage. Loaded Objects now: 1916.
Total: 12.736900 ms (FindLiveObjects: 0.756300 ms CreateObjectMapping: 0.207700 ms MarkObjects: 9.073700 ms  DeleteObjects: 2.691200 ms)

========================================================================
Received Import Request.
  Time since last request: 151.261781 seconds.
  path: Assets/GetaTest/Prefabs/JumpPowerUp.prefab
  artifactKey: Guid(20a84a0cfd0b90f45999b69fb3efe23c) Importer(815301076,1909f56bfc062723c751e8b465ee728b)
Start importing Assets/GetaTest/Prefabs/JumpPowerUp.prefab using Guid(20a84a0cfd0b90f45999b69fb3efe23c) Importer(815301076,1909f56bfc062723c751e8b465ee728b)  -> (artifact id: '15f9e6f4540616a16a92742d7a3f290c') in 0.592194 seconds
  Import took 0.609653 seconds .

========================================================================
Received Prepare
Registering precompiled user dll's ...
Registered in 0.007080 seconds.
Begin MonoManager ReloadAssembly
Native extension for WindowsStandalone target not found
Refreshing native plugins compatible for Editor in 1.45 ms, found 0 plugins.
Preloading 0 native plugins for Editor in 0.00 ms.
Invoked RoslynAnalysisRunner static constructor.
RoslynAnalysisRunner will not be running.
RoslynAnalysisRunner has terminated.
Mono: successfully reloaded assembly
- Completed reload, in  5.340 seconds
Platform modules already initialized, skipping
Refreshing native plugins compatible for Editor in 1.36 ms, found 0 plugins.
Preloading 0 native plugins for Editor in 0.00 ms.
Unloading 1369 Unused Serialized files (Serialized files now loaded: 0)
System memory in use before: 85.3 MB.
System memory in use after: 85.0 MB.

Unloading 6 unused Assets to reduce memory usage. Loaded Objects now: 1920.
Total: 8.734000 ms (FindLiveObjects: 0.738000 ms CreateObjectMapping: 0.208400 ms MarkObjects: 5.868100 ms  DeleteObjects: 1.913300 ms)

========================================================================
Received Import Request.
  Time since last request: 112.703149 seconds.
  path: Assets/GetaTest/Prefabs/Obstacle.prefab
  artifactKey: Guid(a8edc8cb678d07440ad6f4b54b00ea20) Importer(815301076,1909f56bfc062723c751e8b465ee728b)
Start importing Assets/GetaTest/Prefabs/Obstacle.prefab using Guid(a8edc8cb678d07440ad6f4b54b00ea20) Importer(815301076,1909f56bfc062723c751e8b465ee728b)  -> (artifact id: '324fc18c07b0209c6d67785125a80b06') in 0.561119 seconds
  Import took 0.579116 seconds .

========================================================================
Received Prepare
Registering precompiled user dll's ...
Registered in 0.006916 seconds.
Begin MonoManager ReloadAssembly
Native extension for WindowsStandalone target not found
Refreshing native plugins compatible for Editor in 1.94 ms, found 0 plugins.
Preloading 0 native plugins for Editor in 0.00 ms.
Invoked RoslynAnalysisRunner static constructor.
RoslynAnalysisRunner will not be running.
RoslynAnalysisRunner has terminated.
Mono: successfully reloaded assembly
- Completed reload, in  7.356 seconds
Platform modules already initialized, skipping
Refreshing native plugins compatible for Editor in 16.80 ms, found 0 plugins.
Preloading 0 native plugins for Editor in 0.00 ms.
Unloading 1369 Unused Serialized files (Serialized files now loaded: 0)
System memory in use before: 85.3 MB.
System memory in use after: 85.0 MB.

Unloading 6 unused Assets to reduce memory usage. Loaded Objects now: 1924.
Total: 115.820800 ms (FindLiveObjects: 0.797500 ms CreateObjectMapping: 0.273900 ms MarkObjects: 112.817200 ms  DeleteObjects: 1.926800 ms)

========================================================================
Received Import Request.
  Time since last request: 71.579220 seconds.
  path: Assets/GetaTest/Prefabs/Obstacle.prefab
  artifactKey: Guid(a8edc8cb678d07440ad6f4b54b00ea20) Importer(815301076,1909f56bfc062723c751e8b465ee728b)
Start importing Assets/GetaTest/Prefabs/Obstacle.prefab using Guid(a8edc8cb678d07440ad6f4b54b00ea20) Importer(815301076,1909f56bfc062723c751e8b465ee728b)  -> (artifact id: '9d5ccf839a59c9883832b31081609aee') in 0.639105 seconds
  Import took 0.661722 seconds .

========================================================================
Received Prepare
Registering precompiled user dll's ...
Registered in 0.006454 seconds.
Begin MonoManager ReloadAssembly
Native extension for WindowsStandalone target not found
Refreshing native plugins compatible for Editor in 1.40 ms, found 0 plugins.
Preloading 0 native plugins for Editor in 0.00 ms.
Invoked RoslynAnalysisRunner static constructor.
RoslynAnalysisRunner will not be running.
RoslynAnalysisRunner has terminated.
Mono: successfully reloaded assembly
- Completed reload, in  5.478 seconds
Platform modules already initialized, skipping
Refreshing native plugins compatible for Editor in 1.57 ms, found 0 plugins.
Preloading 0 native plugins for Editor in 0.00 ms.
Unloading 1369 Unused Serialized files (Serialized files now loaded: 0)
System memory in use before: 85.3 MB.
System memory in use after: 85.1 MB.

Unloading 6 unused Assets to reduce memory usage. Loaded Objects now: 1928.
Total: 21.688300 ms (FindLiveObjects: 1.070600 ms CreateObjectMapping: 0.573000 ms MarkObjects: 17.349600 ms  DeleteObjects: 2.688500 ms)

========================================================================
Received Prepare
Registering precompiled user dll's ...
Registered in 0.006550 seconds.
Begin MonoManager ReloadAssembly
Native extension for WindowsStandalone target not found
Refreshing native plugins compatible for Editor in 1.45 ms, found 0 plugins.
Preloading 0 native plugins for Editor in 0.00 ms.
Invoked RoslynAnalysisRunner static constructor.
RoslynAnalysisRunner will not be running.
RoslynAnalysisRunner has terminated.
Mono: successfully reloaded assembly
- Completed reload, in  5.234 seconds
Platform modules already initialized, skipping
Refreshing native plugins compatible for Editor in 1.41 ms, found 0 plugins.
Preloading 0 native plugins for Editor in 0.00 ms.
Unloading 1369 Unused Serialized files (Serialized files now loaded: 0)
System memory in use before: 85.3 MB.
System memory in use after: 85.1 MB.

Unloading 6 unused Assets to reduce memory usage. Loaded Objects now: 1931.
Total: 9.914900 ms (FindLiveObjects: 0.644100 ms CreateObjectMapping: 0.208900 ms MarkObjects: 7.068700 ms  DeleteObjects: 1.988100 ms)

========================================================================
Received Prepare
Registering precompiled user dll's ...
Registered in 0.011667 seconds.
Begin MonoManager ReloadAssembly
Native extension for WindowsStandalone target not found
Refreshing native plugins compatible for Editor in 1.38 ms, found 0 plugins.
Preloading 0 native plugins for Editor in 0.00 ms.
Invoked RoslynAnalysisRunner static constructor.
RoslynAnalysisRunner will not be running.
RoslynAnalysisRunner has terminated.
Mono: successfully reloaded assembly
- Completed reload, in  5.468 seconds
Platform modules already initialized, skipping
Refreshing native plugins compatible for Editor in 1.45 ms, found 0 plugins.
Preloading 0 native plugins for Editor in 0.00 ms.
Unloading 1369 Unused Serialized files (Serialized files now loaded: 0)
System memory in use before: 85.4 MB.
System memory in use after: 85.1 MB.

Unloading 6 unused Assets to reduce memory usage. Loaded Objects now: 1934.
Total: 23.963900 ms (FindLiveObjects: 1.024100 ms CreateObjectMapping: 0.540300 ms MarkObjects: 20.319000 ms  DeleteObjects: 2.074300 ms)

========================================================================
Received Import Request.
  Time since last request: 408.926479 seconds.
  path: Assets/GetaTest/Prefabs/Obstacle.prefab
  artifactKey: Guid(a8edc8cb678d07440ad6f4b54b00ea20) Importer(815301076,1909f56bfc062723c751e8b465ee728b)
Start importing Assets/GetaTest/Prefabs/Obstacle.prefab using Guid(a8edc8cb678d07440ad6f4b54b00ea20) Importer(815301076,1909f56bfc062723c751e8b465ee728b)  -> (artifact id: 'f36cb3cbe83ad9679031ac6349c358f3') in 0.386478 seconds
  Import took 0.399382 seconds .

========================================================================
Received Import Request.
  Time since last request: 5.048946 seconds.
  path: Assets/GetaTest/Prefabs/Obstacle.prefab
  artifactKey: Guid(a8edc8cb678d07440ad6f4b54b00ea20) Importer(815301076,1909f56bfc062723c751e8b465ee728b)
Start importing Assets/GetaTest/Prefabs/Obstacle.prefab using Guid(a8edc8cb678d07440ad6f4b54b00ea20) Importer(815301076,1909f56bfc062723c751e8b465ee728b)  -> (artifact id: 'f36cb3cbe83ad9679031ac6349c358f3') in 0.058485 seconds
  Import took 0.070600 seconds .

========================================================================
Received Prepare
Registering precompiled user dll's ...
Registered in 0.009201 seconds.
Begin MonoManager ReloadAssembly
Native extension for WindowsStandalone target not found
Refreshing native plugins compatible for Editor in 1.48 ms, found 0 plugins.
Preloading 0 native plugins for Editor in 0.00 ms.
Invoked RoslynAnalysisRunner static constructor.
RoslynAnalysisRunner will not be running.
RoslynAnalysisRunner has terminated.
Mono: successfully reloaded assembly
- Completed reload, in  7.136 seconds
Platform modules already initialized, skipping
Refreshing native plugins compatible for Editor in 2.02 ms, found 0 plugins.
Preloading 0 native plugins for Editor in 0.00 ms.
Unloading 1369 Unused Serialized files (Serialized files now loaded: 0)
System memory in use before: 85.3 MB.
System memory in use after: 85.1 MB.

Unloading 6 unused Assets to reduce memory usage. Loaded Objects now: 1938.
Total: 10.074000 ms (FindLiveObjects: 0.710900 ms CreateObjectMapping: 0.208800 ms MarkObjects: 6.838300 ms  DeleteObjects: 2.309500 ms)

========================================================================
Received Prepare
Registering precompiled user dll's ...
Registered in 0.009024 seconds.
Begin MonoManager ReloadAssembly
Native extension for WindowsStandalone target not found
Refreshing native plugins compatible for Editor in 1.48 ms, found 0 plugins.
Preloading 0 native plugins for Editor in 0.00 ms.
Invoked RoslynAnalysisRunner static constructor.
RoslynAnalysisRunner will not be running.
RoslynAnalysisRunner has terminated.
Mono: successfully reloaded assembly
- Completed reload, in  7.450 seconds
Platform modules already initialized, skipping
Refreshing native plugins compatible for Editor in 2.23 ms, found 0 plugins.
Preloading 0 native plugins for Editor in 0.00 ms.
Unloading 1369 Unused Serialized files (Serialized files now loaded: 0)
System memory in use before: 85.3 MB.
System memory in use after: 85.1 MB.

Unloading 6 unused Assets to reduce memory usage. Loaded Objects now: 1941.
Total: 10.811000 ms (FindLiveObjects: 0.874300 ms CreateObjectMapping: 0.237000 ms MarkObjects: 7.300900 ms  DeleteObjects: 2.393000 ms)

========================================================================
Received Prepare
Registering precompiled user dll's ...
Registered in 0.005921 seconds.
Begin MonoManager ReloadAssembly
Native extension for WindowsStandalone target not found
Refreshing native plugins compatible for Editor in 1.38 ms, found 0 plugins.
Preloading 0 native plugins for Editor in 0.00 ms.
Invoked RoslynAnalysisRunner static constructor.
RoslynAnalysisRunner will not be running.
RoslynAnalysisRunner has terminated.
Mono: successfully reloaded assembly
- Completed reload, in  6.066 seconds
Platform modules already initialized, skipping
Refreshing native plugins compatible for Editor in 1.40 ms, found 0 plugins.
Preloading 0 native plugins for Editor in 0.00 ms.
Unloading 1369 Unused Serialized files (Serialized files now loaded: 0)
System memory in use before: 85.3 MB.
System memory in use after: 85.1 MB.

Unloading 6 unused Assets to reduce memory usage. Loaded Objects now: 1944.
Total: 27.208200 ms (FindLiveObjects: 0.664300 ms CreateObjectMapping: 0.215000 ms MarkObjects: 24.511300 ms  DeleteObjects: 1.812100 ms)

========================================================================
Received Prepare
Registering precompiled user dll's ...
Registered in 0.007306 seconds.
Begin MonoManager ReloadAssembly
Native extension for WindowsStandalone target not found
Refreshing native plugins compatible for Editor in 1.37 ms, found 0 plugins.
Preloading 0 native plugins for Editor in 0.00 ms.
Invoked RoslynAnalysisRunner static constructor.
RoslynAnalysisRunner will not be running.
RoslynAnalysisRunner has terminated.
Mono: successfully reloaded assembly
- Completed reload, in  5.721 seconds
Platform modules already initialized, skipping
Refreshing native plugins compatible for Editor in 1.64 ms, found 0 plugins.
Preloading 0 native plugins for Editor in 0.00 ms.
Unloading 1369 Unused Serialized files (Serialized files now loaded: 0)
System memory in use before: 85.4 MB.
System memory in use after: 85.1 MB.

Unloading 6 unused Assets to reduce memory usage. Loaded Objects now: 1947.
Total: 8.873900 ms (FindLiveObjects: 0.757900 ms CreateObjectMapping: 0.225000 ms MarkObjects: 6.043600 ms  DeleteObjects: 1.841900 ms)

========================================================================
Received Prepare
Registering precompiled user dll's ...
Registered in 0.007081 seconds.
Begin MonoManager ReloadAssembly
Native extension for WindowsStandalone target not found
Refreshing native plugins compatible for Editor in 1.41 ms, found 0 plugins.
Preloading 0 native plugins for Editor in 0.00 ms.
Invoked RoslynAnalysisRunner static constructor.
RoslynAnalysisRunner will not be running.
RoslynAnalysisRunner has terminated.
Mono: successfully reloaded assembly
- Completed reload, in  5.696 seconds
Platform modules already initialized, skipping
Refreshing native plugins compatible for Editor in 1.47 ms, found 0 plugins.
Preloading 0 native plugins for Editor in 0.00 ms.
Unloading 1369 Unused Serialized files (Serialized files now loaded: 0)
System memory in use before: 85.4 MB.
System memory in use after: 85.1 MB.

Unloading 6 unused Assets to reduce memory usage. Loaded Objects now: 1950.
Total: 21.279100 ms (FindLiveObjects: 0.670200 ms CreateObjectMapping: 1.782100 ms MarkObjects: 15.285500 ms  DeleteObjects: 3.535800 ms)

AssetImportWorkerClient::OnTransportError - code=2 error=End of file
