Using pre-set license
Built from '2020.3/staging' branch; Version is '2020.3.3f1 (76626098c1c4) revision 7758432'; Using compiler version '192528614'; Build Type 'Release'
OS: 'Windows 10 Home Single Language; OS build 19042.1110; Version 2009; 64bit' Language: 'es' Physical Memory: 9146 MB
BatchMode: 1, IsHumanControllingUs: 0, StartBugReporterOnCrash: 0, Is64bit: 1, IsPro: 0

 COMMAND LINE ARGUMENTS:
C:\Program Files\Unity\Hub\Editor\2020.3.3f1\Editor\Unity.exe
-adb2
-batchMode
-noUpm
-name
AssetImportWorker0
-projectPath
C:/Users/DANIEL-FZ/Documents/GitHub/Prueba_tecnica_GetaClub
-logFile
Logs/AssetImportWorker0.log
-srvPort
50846
Successfully changed project path to: C:/Users/DANIEL-FZ/Documents/GitHub/Prueba_tecnica_GetaClub
C:/Users/DANIEL-FZ/Documents/GitHub/Prueba_tecnica_GetaClub
Using Asset Import Pipeline V2.
Refreshing native plugins compatible for Editor in 107.80 ms, found 0 plugins.
Preloading 0 native plugins for Editor in 0.00 ms.
Initialize engine version: 2020.3.3f1 (76626098c1c4)
[Subsystems] Discovering subsystems at path C:/Program Files/Unity/Hub/Editor/2020.3.3f1/Editor/Data/Resources/UnitySubsystems
[Subsystems] Discovering subsystems at path C:/Users/DANIEL-FZ/Documents/GitHub/Prueba_tecnica_GetaClub/Assets
GfxDevice: creating device client; threaded=0
Direct3D:
    Version:  Direct3D 11.0 [level 11.1]
    Renderer: AMD Radeon(TM) R7 Graphics (ID=0x1309)
    Vendor:   
    VRAM:     4573 MB
    Driver:   27.20.1034.6
Initialize mono
Mono path[0] = 'C:/Program Files/Unity/Hub/Editor/2020.3.3f1/Editor/Data/Managed'
Mono path[1] = 'C:/Program Files/Unity/Hub/Editor/2020.3.3f1/Editor/Data/MonoBleedingEdge/lib/mono/unityjit'
Mono config path = 'C:/Program Files/Unity/Hub/Editor/2020.3.3f1/Editor/Data/MonoBleedingEdge/etc'
Using monoOptions --debugger-agent=transport=dt_socket,embedding=1,server=y,suspend=n,address=127.0.0.1:56904
Begin MonoManager ReloadAssembly
Registering precompiled unity dll's ...
Register platform support module: C:/Program Files/Unity/Hub/Editor/2020.3.3f1/Editor/Data/PlaybackEngines/WindowsStandaloneSupport/UnityEditor.WindowsStandalone.Extensions.dll
Registered in 0.006603 seconds.
Native extension for WindowsStandalone target not found
Refreshing native plugins compatible for Editor in 120.56 ms, found 0 plugins.
Preloading 0 native plugins for Editor in 0.00 ms.
Invoked RoslynAnalysisRunner static constructor.
RoslynAnalysisRunner will not be running.
RoslynAnalysisRunner has terminated.
Mono: successfully reloaded assembly
- Completed reload, in  8.058 seconds
Platform modules already initialized, skipping
Registering precompiled user dll's ...
Registered in 0.003330 seconds.
Begin MonoManager ReloadAssembly
Native extension for WindowsStandalone target not found
Refreshing native plugins compatible for Editor in 1.48 ms, found 0 plugins.
Preloading 0 native plugins for Editor in 0.00 ms.
Invoked RoslynAnalysisRunner static constructor.
RoslynAnalysisRunner will not be running.
RoslynAnalysisRunner has terminated.
Mono: successfully reloaded assembly
- Completed reload, in  3.171 seconds
Platform modules already initialized, skipping
========================================================================
Worker process is ready to serve import requests
Launched and connected shader compiler UnityShaderCompiler.exe after 0.23 seconds
Refreshing native plugins compatible for Editor in 1.29 ms, found 0 plugins.
Preloading 0 native plugins for Editor in 0.00 ms.
Unloading 1420 Unused Serialized files (Serialized files now loaded: 0)
System memory in use before: 86.7 MB.
System memory in use after: 86.4 MB.

Unloading 11 unused Assets to reduce memory usage. Loaded Objects now: 1879.
Total: 18.489700 ms (FindLiveObjects: 8.597300 ms CreateObjectMapping: 1.942800 ms MarkObjects: 6.825300 ms  DeleteObjects: 1.117400 ms)

========================================================================
Received Import Request.
  path: Assets/GetaTest/Scripts/KarSelection.cs
  artifactKey: Guid(b4c929cda6957e4458747ba6ea29f1f0) Importer(815301076,1909f56bfc062723c751e8b465ee728b)
Start importing Assets/GetaTest/Scripts/KarSelection.cs using Guid(b4c929cda6957e4458747ba6ea29f1f0) Importer(815301076,1909f56bfc062723c751e8b465ee728b)  -> (artifact id: '5897e97bdfc36982878642cc9a2d1503') in 0.287175 seconds
  Import took 0.296745 seconds .

========================================================================
Received Import Request.
  Time since last request: 339.133979 seconds.
  path: Assets/GetaTest/Scripts/KarSelection.cs
  artifactKey: Guid(b4c929cda6957e4458747ba6ea29f1f0) Importer(815301076,1909f56bfc062723c751e8b465ee728b)
Start importing Assets/GetaTest/Scripts/KarSelection.cs using Guid(b4c929cda6957e4458747ba6ea29f1f0) Importer(815301076,1909f56bfc062723c751e8b465ee728b)  -> (artifact id: '1881b2a2402d58807e5b6a8e4b9031c2') in 0.042066 seconds
  Import took 0.050262 seconds .

========================================================================
Received Import Request.
  Time since last request: 0.001968 seconds.
  path: Assets/GetaTest/Scripts/KarSelection.cs
  artifactKey: Guid(b4c929cda6957e4458747ba6ea29f1f0) Importer(815301076,1909f56bfc062723c751e8b465ee728b)
Start importing Assets/GetaTest/Scripts/KarSelection.cs using Guid(b4c929cda6957e4458747ba6ea29f1f0) Importer(815301076,1909f56bfc062723c751e8b465ee728b)  -> (artifact id: '1881b2a2402d58807e5b6a8e4b9031c2') in 0.019391 seconds
  Import took 0.029176 seconds .

========================================================================
Received Import Request.
  Time since last request: 108.765165 seconds.
  path: Assets/GetaTest/Scripts/KarSelection.cs
  artifactKey: Guid(b4c929cda6957e4458747ba6ea29f1f0) Importer(815301076,1909f56bfc062723c751e8b465ee728b)
Start importing Assets/GetaTest/Scripts/KarSelection.cs using Guid(b4c929cda6957e4458747ba6ea29f1f0) Importer(815301076,1909f56bfc062723c751e8b465ee728b)  -> (artifact id: '6deaee6adf05c61a2cf782fb6cc118b1') in 0.037031 seconds
  Import took 0.056676 seconds .

========================================================================
Received Import Request.
  Time since last request: 189.925823 seconds.
  path: Assets/GetaTest/Scripts/KarSelection.cs
  artifactKey: Guid(b4c929cda6957e4458747ba6ea29f1f0) Importer(815301076,1909f56bfc062723c751e8b465ee728b)
Start importing Assets/GetaTest/Scripts/KarSelection.cs using Guid(b4c929cda6957e4458747ba6ea29f1f0) Importer(815301076,1909f56bfc062723c751e8b465ee728b)  -> (artifact id: '6326b349d0c30954011169312bc8fc79') in 0.019678 seconds
  Import took 0.028826 seconds .

========================================================================
Received Prepare
Registering precompiled user dll's ...
Registered in 0.003299 seconds.
Begin MonoManager ReloadAssembly
Native extension for WindowsStandalone target not found
Refreshing native plugins compatible for Editor in 0.95 ms, found 0 plugins.
Preloading 0 native plugins for Editor in 0.00 ms.
Invoked RoslynAnalysisRunner static constructor.
RoslynAnalysisRunner will not be running.
RoslynAnalysisRunner has terminated.
Mono: successfully reloaded assembly
- Completed reload, in  2.280 seconds
Platform modules already initialized, skipping
Refreshing native plugins compatible for Editor in 0.92 ms, found 0 plugins.
Preloading 0 native plugins for Editor in 0.00 ms.
Unloading 1366 Unused Serialized files (Serialized files now loaded: 0)
System memory in use before: 81.7 MB.
System memory in use after: 81.5 MB.

Unloading 6 unused Assets to reduce memory usage. Loaded Objects now: 1882.
Total: 4.844400 ms (FindLiveObjects: 0.441300 ms CreateObjectMapping: 0.098200 ms MarkObjects: 3.433800 ms  DeleteObjects: 0.866600 ms)

========================================================================
Received Prepare
Registering precompiled user dll's ...
Registered in 0.004031 seconds.
Begin MonoManager ReloadAssembly
Native extension for WindowsStandalone target not found
Refreshing native plugins compatible for Editor in 1.01 ms, found 0 plugins.
Preloading 0 native plugins for Editor in 0.00 ms.
Invoked RoslynAnalysisRunner static constructor.
RoslynAnalysisRunner will not be running.
RoslynAnalysisRunner has terminated.
Mono: successfully reloaded assembly
- Completed reload, in  2.438 seconds
Platform modules already initialized, skipping
Refreshing native plugins compatible for Editor in 1.01 ms, found 0 plugins.
Preloading 0 native plugins for Editor in 0.00 ms.
Unloading 1366 Unused Serialized files (Serialized files now loaded: 0)
System memory in use before: 81.7 MB.
System memory in use after: 81.5 MB.

Unloading 6 unused Assets to reduce memory usage. Loaded Objects now: 1885.
Total: 5.528400 ms (FindLiveObjects: 0.481800 ms CreateObjectMapping: 0.138400 ms MarkObjects: 4.010600 ms  DeleteObjects: 0.894600 ms)

========================================================================
Received Import Request.
  Time since last request: 249.043543 seconds.
  path: Assets/GetaTest/Art/UI/blackCar.png
  artifactKey: Guid(90d62e92efce758499e2064d984289f0) Importer(815301076,1909f56bfc062723c751e8b465ee728b)
Start importing Assets/GetaTest/Art/UI/blackCar.png using Guid(90d62e92efce758499e2064d984289f0) Importer(815301076,1909f56bfc062723c751e8b465ee728b)  -> (artifact id: '70102ea78d6f952fdfdd8ae7398b92f1') in 0.159378 seconds
  Import took 0.166995 seconds .

========================================================================
Received Import Request.
  Time since last request: 0.000784 seconds.
  path: Assets/GetaTest/Art/UI/yellowCar.png
  artifactKey: Guid(90eaf8f3d407b994e8944ecb8fdf8733) Importer(815301076,1909f56bfc062723c751e8b465ee728b)
Start importing Assets/GetaTest/Art/UI/yellowCar.png using Guid(90eaf8f3d407b994e8944ecb8fdf8733) Importer(815301076,1909f56bfc062723c751e8b465ee728b)  -> (artifact id: 'daea9cfaf373c68644a31b51533c7485') in 0.038885 seconds
  Import took 0.052464 seconds .

========================================================================
Received Import Request.
  Time since last request: 0.000726 seconds.
  path: Assets/GetaTest/Art/UI/blackCar.png
  artifactKey: Guid(90d62e92efce758499e2064d984289f0) Importer(815301076,1909f56bfc062723c751e8b465ee728b)
Start importing Assets/GetaTest/Art/UI/blackCar.png using Guid(90d62e92efce758499e2064d984289f0) Importer(815301076,1909f56bfc062723c751e8b465ee728b)  -> (artifact id: '70102ea78d6f952fdfdd8ae7398b92f1') in 0.026565 seconds
  Import took 0.033939 seconds .

========================================================================
Received Import Request.
  Time since last request: 0.000643 seconds.
  path: Assets/GetaTest/Art/UI/redCar.png
  artifactKey: Guid(e2ca6a5d55605bd428ca9aa64df0f0c3) Importer(815301076,1909f56bfc062723c751e8b465ee728b)
Start importing Assets/GetaTest/Art/UI/redCar.png using Guid(e2ca6a5d55605bd428ca9aa64df0f0c3) Importer(815301076,1909f56bfc062723c751e8b465ee728b)  -> (artifact id: 'beb8e6387101a8349d2eccd590abdfbd') in 0.036416 seconds
  Import took 0.044709 seconds .

========================================================================
Received Import Request.
  Time since last request: 0.001098 seconds.
  path: Assets/GetaTest/Art/UI/whiteCar.png
  artifactKey: Guid(2543210502809ff4e8a274368dcef3e8) Importer(815301076,1909f56bfc062723c751e8b465ee728b)
Start importing Assets/GetaTest/Art/UI/whiteCar.png using Guid(2543210502809ff4e8a274368dcef3e8) Importer(815301076,1909f56bfc062723c751e8b465ee728b)  -> (artifact id: '7531246b775e00d88cd82196b929c839') in 0.036479 seconds
  Import took 0.048829 seconds .

========================================================================
Received Import Request.
  Time since last request: 76.646999 seconds.
  path: Assets/GetaTest/Art/UI/blackCar.png
  artifactKey: Guid(90d62e92efce758499e2064d984289f0) Importer(815301076,1909f56bfc062723c751e8b465ee728b)
Start importing Assets/GetaTest/Art/UI/blackCar.png using Guid(90d62e92efce758499e2064d984289f0) Importer(815301076,1909f56bfc062723c751e8b465ee728b)  -> (artifact id: '397bd3bc66d8e30483e180789685763d') in 0.168252 seconds
  Import took 0.176253 seconds .

========================================================================
Received Import Request.
  Time since last request: 0.000643 seconds.
  path: Assets/GetaTest/Art/UI/yellowCar.png
  artifactKey: Guid(90eaf8f3d407b994e8944ecb8fdf8733) Importer(815301076,1909f56bfc062723c751e8b465ee728b)
Start importing Assets/GetaTest/Art/UI/yellowCar.png using Guid(90eaf8f3d407b994e8944ecb8fdf8733) Importer(815301076,1909f56bfc062723c751e8b465ee728b)  -> (artifact id: 'c8f643a69524269eaf18425a2c14ccee') in 0.049996 seconds
  Import took 0.061247 seconds .

========================================================================
Received Import Request.
  Time since last request: 0.000622 seconds.
  path: Assets/GetaTest/Art/UI/redCar.png
  artifactKey: Guid(e2ca6a5d55605bd428ca9aa64df0f0c3) Importer(815301076,1909f56bfc062723c751e8b465ee728b)
Start importing Assets/GetaTest/Art/UI/redCar.png using Guid(e2ca6a5d55605bd428ca9aa64df0f0c3) Importer(815301076,1909f56bfc062723c751e8b465ee728b)  -> (artifact id: '553bdd4ede465797c6d3a79a5e016c42') in 0.054372 seconds
  Import took 0.067243 seconds .

========================================================================
Received Import Request.
  Time since last request: 0.002425 seconds.
  path: Assets/GetaTest/Art/UI/whiteCar.png
  artifactKey: Guid(2543210502809ff4e8a274368dcef3e8) Importer(815301076,1909f56bfc062723c751e8b465ee728b)
Start importing Assets/GetaTest/Art/UI/whiteCar.png using Guid(2543210502809ff4e8a274368dcef3e8) Importer(815301076,1909f56bfc062723c751e8b465ee728b)  -> (artifact id: '0be6d1cfd9f105063479b94b8a72e4d2') in 0.049104 seconds
  Import took 0.062072 seconds .

========================================================================
Received Import Request.
  Time since last request: 140.805556 seconds.
  path: Assets/GetaTest/Scenes/Gameplay.unity
  artifactKey: Guid(9fc0d4010bbf28b4594072e72b8655ab) Importer(815301076,1909f56bfc062723c751e8b465ee728b)
Start importing Assets/GetaTest/Scenes/Gameplay.unity using Guid(9fc0d4010bbf28b4594072e72b8655ab) Importer(815301076,1909f56bfc062723c751e8b465ee728b)  -> (artifact id: '0334f67e8a93f3a0462a74bdd28318a5') in 0.021754 seconds
  Import took 0.028813 seconds .

========================================================================
Received Prepare
Registering precompiled user dll's ...
Registered in 0.004137 seconds.
Begin MonoManager ReloadAssembly
Native extension for WindowsStandalone target not found
Refreshing native plugins compatible for Editor in 0.96 ms, found 0 plugins.
Preloading 0 native plugins for Editor in 0.00 ms.
Invoked RoslynAnalysisRunner static constructor.
RoslynAnalysisRunner will not be running.
RoslynAnalysisRunner has terminated.
Mono: successfully reloaded assembly
- Completed reload, in  2.748 seconds
Platform modules already initialized, skipping
Refreshing native plugins compatible for Editor in 0.98 ms, found 0 plugins.
Preloading 0 native plugins for Editor in 0.00 ms.
Unloading 1366 Unused Serialized files (Serialized files now loaded: 0)
System memory in use before: 84.8 MB.
System memory in use after: 84.6 MB.

Unloading 6 unused Assets to reduce memory usage. Loaded Objects now: 1894.
Total: 8.461400 ms (FindLiveObjects: 0.634700 ms CreateObjectMapping: 0.960000 ms MarkObjects: 5.721800 ms  DeleteObjects: 1.138900 ms)

========================================================================
Received Prepare
Registering precompiled user dll's ...
Registered in 0.003352 seconds.
Begin MonoManager ReloadAssembly
Native extension for WindowsStandalone target not found
Refreshing native plugins compatible for Editor in 1.01 ms, found 0 plugins.
Preloading 0 native plugins for Editor in 0.00 ms.
Invoked RoslynAnalysisRunner static constructor.
RoslynAnalysisRunner will not be running.
RoslynAnalysisRunner has terminated.
Mono: successfully reloaded assembly
- Completed reload, in  2.483 seconds
Platform modules already initialized, skipping
Refreshing native plugins compatible for Editor in 1.00 ms, found 0 plugins.
Preloading 0 native plugins for Editor in 0.00 ms.
Unloading 1366 Unused Serialized files (Serialized files now loaded: 0)
System memory in use before: 84.9 MB.
System memory in use after: 84.6 MB.

Unloading 6 unused Assets to reduce memory usage. Loaded Objects now: 1897.
Total: 6.045500 ms (FindLiveObjects: 0.454800 ms CreateObjectMapping: 0.101900 ms MarkObjects: 4.014500 ms  DeleteObjects: 1.470300 ms)

========================================================================
Received Import Request.
  Time since last request: 210.021305 seconds.
  path: Assets/GetaTest/Scenes/MainMenu.unity
  artifactKey: Guid(bd4f7f8463f8bdd48ac046acadf586a2) Importer(815301076,1909f56bfc062723c751e8b465ee728b)
Start importing Assets/GetaTest/Scenes/MainMenu.unity using Guid(bd4f7f8463f8bdd48ac046acadf586a2) Importer(815301076,1909f56bfc062723c751e8b465ee728b)  -> (artifact id: '67ced4d1edaa5285d84ab83060f00bab') in 0.049592 seconds
  Import took 0.059989 seconds .

========================================================================
Received Import Request.
  Time since last request: 44.857529 seconds.
  path: Assets/Resources/Kart.asset
  artifactKey: Guid(2b46eea6eaeeb7549bf01032f0443936) Importer(815301076,1909f56bfc062723c751e8b465ee728b)
Start importing Assets/Resources/Kart.asset using Guid(2b46eea6eaeeb7549bf01032f0443936) Importer(815301076,1909f56bfc062723c751e8b465ee728b)  -> (artifact id: 'b9312ba5679646de78a897c7db3ea652') in 0.024409 seconds
  Import took 0.031735 seconds .

========================================================================
Received Prepare
Registering precompiled user dll's ...
Registered in 0.004171 seconds.
Begin MonoManager ReloadAssembly
Native extension for WindowsStandalone target not found
Refreshing native plugins compatible for Editor in 0.95 ms, found 0 plugins.
Preloading 0 native plugins for Editor in 0.00 ms.
Invoked RoslynAnalysisRunner static constructor.
RoslynAnalysisRunner will not be running.
RoslynAnalysisRunner has terminated.
Mono: successfully reloaded assembly
- Completed reload, in  2.220 seconds
Platform modules already initialized, skipping
Refreshing native plugins compatible for Editor in 0.94 ms, found 0 plugins.
Preloading 0 native plugins for Editor in 0.00 ms.
Unloading 1366 Unused Serialized files (Serialized files now loaded: 0)
System memory in use before: 84.9 MB.
System memory in use after: 84.6 MB.

Unloading 6 unused Assets to reduce memory usage. Loaded Objects now: 1900.
Total: 5.350300 ms (FindLiveObjects: 0.469300 ms CreateObjectMapping: 0.121300 ms MarkObjects: 3.807000 ms  DeleteObjects: 0.948900 ms)

========================================================================
Received Prepare
Registering precompiled user dll's ...
Registered in 0.009460 seconds.
Begin MonoManager ReloadAssembly
Native extension for WindowsStandalone target not found
Refreshing native plugins compatible for Editor in 0.91 ms, found 0 plugins.
Preloading 0 native plugins for Editor in 0.00 ms.
Invoked RoslynAnalysisRunner static constructor.
RoslynAnalysisRunner will not be running.
RoslynAnalysisRunner has terminated.
Mono: successfully reloaded assembly
- Completed reload, in  4.998 seconds
Platform modules already initialized, skipping
Refreshing native plugins compatible for Editor in 0.92 ms, found 0 plugins.
Preloading 0 native plugins for Editor in 0.00 ms.
Unloading 1366 Unused Serialized files (Serialized files now loaded: 0)
System memory in use before: 84.9 MB.
System memory in use after: 84.6 MB.

Unloading 6 unused Assets to reduce memory usage. Loaded Objects now: 1903.
Total: 5.326300 ms (FindLiveObjects: 0.499000 ms CreateObjectMapping: 0.131100 ms MarkObjects: 3.728100 ms  DeleteObjects: 0.964200 ms)

========================================================================
Received Prepare
Registering precompiled user dll's ...
Registered in 0.003212 seconds.
Begin MonoManager ReloadAssembly
Native extension for WindowsStandalone target not found
Refreshing native plugins compatible for Editor in 0.94 ms, found 0 plugins.
Preloading 0 native plugins for Editor in 0.00 ms.
Invoked RoslynAnalysisRunner static constructor.
RoslynAnalysisRunner will not be running.
RoslynAnalysisRunner has terminated.
Mono: successfully reloaded assembly
- Completed reload, in  2.692 seconds
Platform modules already initialized, skipping
Refreshing native plugins compatible for Editor in 0.83 ms, found 0 plugins.
Preloading 0 native plugins for Editor in 0.00 ms.
Unloading 1366 Unused Serialized files (Serialized files now loaded: 0)
System memory in use before: 84.9 MB.
System memory in use after: 84.6 MB.

Unloading 6 unused Assets to reduce memory usage. Loaded Objects now: 1906.
Total: 6.614400 ms (FindLiveObjects: 0.612300 ms CreateObjectMapping: 0.126200 ms MarkObjects: 4.989500 ms  DeleteObjects: 0.882900 ms)

